D:\SDIZO1\PROJEKTSDIZO\PROJEKT\PROJEKT\DEBUG\HEAP.OBJ
D:\SDIZO1\PROJEKTSDIZO\PROJEKT\PROJEKT\DEBUG\DRZEWORB.OBJ
D:\SDIZO1\PROJEKTSDIZO\PROJEKT\PROJEKT\DEBUG\LISTA.OBJ
D:\SDIZO1\PROJEKTSDIZO\PROJEKT\PROJEKT\DEBUG\MAIN.OBJ
D:\SDIZO1\PROJEKTSDIZO\PROJEKT\PROJEKT\DEBUG\TABLICA.OBJ
D:\SDIZO1\PROJEKTSDIZO\PROJEKT\PROJEKT\DEBUG\TIME.OBJ
D:\SDIZO1\PROJEKTSDIZO\PROJEKT\PROJEKT\DEBUG\VC110.PDB
D:\SDIZO1\PROJEKTSDIZO\PROJEKT\DEBUG\PROJEKT.ILK
D:\SDIZO1\PROJEKTSDIZO\PROJEKT\DEBUG\PROJEKT.EXE
D:\SDIZO1\PROJEKTSDIZO\PROJEKT\DEBUG\PROJEKT.PDB
D:\Sdizo1\projektsdizo\Projekt\Projekt\Debug\DrzewoRB.obj
D:\Sdizo1\projektsdizo\Projekt\Projekt\Debug\Heap.obj
D:\Sdizo1\projektsdizo\Projekt\Projekt\Debug\Lista.obj
D:\Sdizo1\projektsdizo\Projekt\Projekt\Debug\main.obj
D:\Sdizo1\projektsdizo\Projekt\Projekt\Debug\Tablica.obj
D:\Sdizo1\projektsdizo\Projekt\Projekt\Debug\Time.obj
D:\Sdizo1\projektsdizo\Projekt\Projekt\Debug\cl.command.1.tlog
D:\Sdizo1\projektsdizo\Projekt\Projekt\Debug\CL.read.1.tlog
D:\Sdizo1\projektsdizo\Projekt\Projekt\Debug\CL.write.1.tlog
D:\Sdizo1\projektsdizo\Projekt\Projekt\Debug\link-cvtres.read.1.tlog
D:\Sdizo1\projektsdizo\Projekt\Projekt\Debug\link-cvtres.write.1.tlog
D:\Sdizo1\projektsdizo\Projekt\Projekt\Debug\link-rc.read.1.tlog
D:\Sdizo1\projektsdizo\Projekt\Projekt\Debug\link-rc.write.1.tlog
D:\Sdizo1\projektsdizo\Projekt\Projekt\Debug\link.command.1.tlog
D:\Sdizo1\projektsdizo\Projekt\Projekt\Debug\link.read.1.tlog
D:\Sdizo1\projektsdizo\Projekt\Projekt\Debug\link.write.1.tlog
D:\Sdizo1\projektsdizo\Projekt\Projekt\Debug\vc110.idb
D:\Sdizo1\projektsdizo\Projekt\Projekt\Debug\vc110.pdb
D:\Sdizo1\projektsdizo\Projekt\Debug\Projekt.pdb
D:\Sdizo1\projektsdizo\Projekt\Debug\Projekt.exe
D:\Sdizo1\projektsdizo\Projekt\Debug\Projekt.ilk
