Build started 2014-03-30 18:38:21.
     1>Project "H:\Users\Damian\Documents\GitHub\ProjektSDiZO\Projekt\Projekt\Projekt.vcxproj" on node 2 (Build target(s)).
     1>ClCompile:
         H:\Program Files (x86)\Microsoft Visual Studio 11.0\VC\bin\CL.exe /c /ZI /nologo /W3 /WX- /sdl /Od /Oy- /D _MBCS /Gm /EHsc /RTC1 /MDd /GS /fp:precise /Zc:wchar_t /Zc:forScope /Fo"Debug\\" /Fd"Debug\vc110.pdb" /Gd /TP /analyze- /errorReport:prompt DrzewoRB.cpp Heap.cpp Lista.cpp Tablica.cpp Time.cpp main.cpp
         DrzewoRB.cpp
     1>h:\users\damian\documents\github\projektsdizo\projekt\projekt\drzeworb.cpp(7): warning C4309: '=' : truncation of constant value
     1>h:\users\damian\documents\github\projektsdizo\projekt\projekt\drzeworb.cpp(8): warning C4309: '=' : truncation of constant value
     1>h:\users\damian\documents\github\projektsdizo\projekt\projekt\drzeworb.cpp(9): warning C4309: '=' : truncation of constant value
         Generating Code...
         Compiling...
         main.cpp
     1>h:\users\damian\documents\github\projektsdizo\projekt\projekt\main.cpp(11): warning C4244: 'argument' : conversion from 'time_t' to 'unsigned int', possible loss of data
     1>h:\users\damian\documents\github\projektsdizo\projekt\projekt\main.cpp(36): warning C4244: 'argument' : conversion from 'time_t' to 'unsigned int', possible loss of data
     1>h:\users\damian\documents\github\projektsdizo\projekt\projekt\main.cpp(124): warning C4244: 'return' : conversion from 'double' to 'int', possible loss of data
     1>h:\users\damian\documents\github\projektsdizo\projekt\projekt\main.cpp(229): warning C4244: 'argument' : conversion from 'time_t' to 'unsigned int', possible loss of data
     1>h:\users\damian\documents\github\projektsdizo\projekt\projekt\main.cpp(509): warning C4244: 'argument' : conversion from 'time_t' to 'unsigned int', possible loss of data
         Time.cpp
         Tablica.cpp
         Lista.cpp
         Heap.cpp
     1>h:\users\damian\documents\github\projektsdizo\projekt\projekt\heap.cpp(135): warning C4309: '=' : truncation of constant value
     1>h:\users\damian\documents\github\projektsdizo\projekt\projekt\heap.cpp(136): warning C4309: '=' : truncation of constant value
     1>h:\users\damian\documents\github\projektsdizo\projekt\projekt\heap.cpp(137): warning C4309: '=' : truncation of constant value
         Generating Code...
       Link:
         H:\Program Files (x86)\Microsoft Visual Studio 11.0\VC\bin\link.exe /ERRORREPORT:PROMPT /OUT:"H:\Users\Damian\Documents\GitHub\ProjektSDiZO\Projekt\Debug\Projekt.exe" /INCREMENTAL /NOLOGO kernel32.lib user32.lib gdi32.lib winspool.lib comdlg32.lib advapi32.lib shell32.lib ole32.lib oleaut32.lib uuid.lib odbc32.lib odbccp32.lib /MANIFEST /MANIFESTUAC:"level='asInvoker' uiAccess='false'" /manifest:embed /DEBUG /PDB:"H:\Users\Damian\Documents\GitHub\ProjektSDiZO\Projekt\Debug\Projekt.pdb" /TLBID:1 /DYNAMICBASE /NXCOMPAT /IMPLIB:"H:\Users\Damian\Documents\GitHub\ProjektSDiZO\Projekt\Debug\Projekt.lib" /MACHINE:X86 Debug\Heap.obj
         Debug\DrzewoRB.obj
         Debug\Lista.obj
         Debug\main.obj
         Debug\Tablica.obj
         Debug\Time.obj
         Projekt.vcxproj -> H:\Users\Damian\Documents\GitHub\ProjektSDiZO\Projekt\Debug\Projekt.exe
     1>Done Building Project "H:\Users\Damian\Documents\GitHub\ProjektSDiZO\Projekt\Projekt\Projekt.vcxproj" (Build target(s)).

Build succeeded.

Time Elapsed 00:00:07.14
