Build started 2014-03-16 15:40:58.
     1>Project "D:\Sdizo1\projektsdizo\Projekt\Projekt\Projekt.vcxproj" on node 2 (Build target(s)).
     1>ClCompile:
         C:\Program Files (x86)\Microsoft Visual Studio 11.0\VC\bin\x86_amd64\CL.exe /c /Zi /nologo /W3 /WX- /sdl /Od /D _MBCS /Gm /EHsc /RTC1 /MDd /GS /fp:precise /Zc:wchar_t /Zc:forScope /Fo"x64\Debug\\" /Fd"x64\Debug\vc110.pdb" /Gd /TP /errorReport:prompt Heap.cpp DrzewoRB.cpp Lista.cpp main.cpp Tablica.cpp Time.cpp
         Time.cpp
     1>Time.cpp(21): warning C4244: '=' : conversion from 'LONGLONG' to 'double', possible loss of data
         Tablica.cpp
         main.cpp
         Lista.cpp
     1>Lista.cpp(43): warning C4390: ';' : empty controlled statement found; is this the intent?
         DrzewoRB.cpp
         Heap.cpp
         Generating Code...
       Link:
         C:\Program Files (x86)\Microsoft Visual Studio 11.0\VC\bin\x86_amd64\link.exe /ERRORREPORT:PROMPT /OUT:"D:\Sdizo1\projektsdizo\Projekt\x64\Debug\Projekt.exe" /INCREMENTAL /NOLOGO kernel32.lib user32.lib gdi32.lib winspool.lib comdlg32.lib advapi32.lib shell32.lib ole32.lib oleaut32.lib uuid.lib odbc32.lib odbccp32.lib /MANIFEST /MANIFESTUAC:"level='asInvoker' uiAccess='false'" /manifest:embed /DEBUG /PDB:"D:\Sdizo1\projektsdizo\Projekt\x64\Debug\Projekt.pdb" /TLBID:1 /DYNAMICBASE /NXCOMPAT /IMPLIB:"D:\Sdizo1\projektsdizo\Projekt\x64\Debug\Projekt.lib" /MACHINE:X64 x64\Debug\Heap.obj
         x64\Debug\DrzewoRB.obj
         x64\Debug\Lista.obj
         x64\Debug\main.obj
         x64\Debug\Tablica.obj
         x64\Debug\Time.obj
         Projekt.vcxproj -> D:\Sdizo1\projektsdizo\Projekt\x64\Debug\Projekt.exe
     1>Done Building Project "D:\Sdizo1\projektsdizo\Projekt\Projekt\Projekt.vcxproj" (Build target(s)).

Build succeeded.

Time Elapsed 00:00:14.06
